c:\users\archit\source\repos\fs_project\fs_project\debug\fs_project.pch
c:\users\archit\source\repos\fs_project\fs_project\debug\vc141.pdb
c:\users\archit\source\repos\fs_project\fs_project\debug\vc141.idb
c:\users\archit\source\repos\fs_project\fs_project\debug\pch.obj
c:\users\archit\source\repos\fs_project\fs_project\debug\user.obj
c:\users\archit\source\repos\fs_project\fs_project\debug\questions.obj
c:\users\archit\source\repos\fs_project\fs_project\debug\leaderboard.obj
c:\users\archit\source\repos\fs_project\fs_project\debug\fs_project.obj
c:\users\archit\source\repos\fs_project\fs_project\debug\answers.obj
c:\users\archit\source\repos\fs_project\fs_project\debug\dashboard.obj
c:\users\archit\source\repos\fs_project\debug\fs_project.exe
c:\users\archit\source\repos\fs_project\debug\fs_project.ilk
c:\users\archit\source\repos\fs_project\debug\fs_project.pdb
c:\users\archit\source\repos\fs_project\fs_project\debug\fs_project.res
c:\users\archit\source\repos\fs_project\fs_project\debug\fs_project.tlog\cl.command.1.tlog
c:\users\archit\source\repos\fs_project\fs_project\debug\fs_project.tlog\cl.read.1.tlog
c:\users\archit\source\repos\fs_project\fs_project\debug\fs_project.tlog\cl.write.1.tlog
c:\users\archit\source\repos\fs_project\fs_project\debug\fs_project.tlog\link.command.1.tlog
c:\users\archit\source\repos\fs_project\fs_project\debug\fs_project.tlog\link.read.1.tlog
c:\users\archit\source\repos\fs_project\fs_project\debug\fs_project.tlog\link.write.1.tlog
c:\users\archit\source\repos\fs_project\fs_project\debug\fs_project.tlog\rc.command.1.tlog
c:\users\archit\source\repos\fs_project\fs_project\debug\fs_project.tlog\rc.read.1.tlog
c:\users\archit\source\repos\fs_project\fs_project\debug\fs_project.tlog\rc.write.1.tlog
